<?xml version="1.0" encoding="UTF-8" ?>
<testsuite failures="0" time="0.01" errors="0" skipped="0" tests="1" name="com.googlecode.arcane.AppTest">
  <properties>
    <property name="java.runtime.name" value="Java(TM) SE Runtime Environment"/>
    <property name="sun.boot.library.path" value="/System/Library/Java/JavaVirtualMachines/1.6.0.jdk/Contents/Libraries"/>
    <property name="java.vm.version" value="19.1-b02-334"/>
    <property name="awt.nativeDoubleBuffering" value="true"/>
    <property name="gopherProxySet" value="false"/>
    <property name="mrj.build" value="10M3326"/>
    <property name="java.vm.vendor" value="Apple Inc."/>
    <property name="java.vendor.url" value="http://www.apple.com/"/>
    <property name="path.separator" value=":"/>
    <property name="java.vm.name" value="Java HotSpot(TM) 64-Bit Server VM"/>
    <property name="file.encoding.pkg" value="sun.io"/>
    <property name="user.country" value="US"/>
    <property name="sun.java.launcher" value="SUN_STANDARD"/>
    <property name="sun.os.patch.level" value="unknown"/>
    <property name="java.vm.specification.name" value="Java Virtual Machine Specification"/>
    <property name="user.dir" value="/Users/dhudson/Documents/Arcane/maven/helloworld"/>
    <property name="java.runtime.version" value="1.6.0_24-b07-334-10M3326"/>
    <property name="java.awt.graphicsenv" value="apple.awt.CGraphicsEnvironment"/>
    <property name="basedir" value="/Users/dhudson/Documents/Arcane/maven/helloworld"/>
    <property name="java.endorsed.dirs" value="/System/Library/Java/JavaVirtualMachines/1.6.0.jdk/Contents/Home/lib/endorsed"/>
    <property name="os.arch" value="x86_64"/>
    <property name="surefire.real.class.path" value="/Users/dhudson/Documents/Arcane/maven/helloworld/target/surefire/surefirebooter5829267925023819986.jar"/>
    <property name="java.io.tmpdir" value="/var/folders/dL/dLJr3RMGH7qHLJZ4an1Zi0JpRlI/-Tmp-/"/>
    <property name="line.separator" value="
"/>
    <property name="java.vm.specification.vendor" value="Sun Microsystems Inc."/>
    <property name="os.name" value="Mac OS X"/>
    <property name="sun.jnu.encoding" value="MacRoman"/>
    <property name="java.library.path" value=".:/Library/Java/Extensions:/System/Library/Java/Extensions:/usr/lib/java"/>
    <property name="surefire.test.class.path" value="/Users/dhudson/Documents/Arcane/maven/helloworld/target/test-classes:/Users/dhudson/Documents/Arcane/maven/helloworld/target/classes:/Users/dhudson/.m2/repository/junit/junit/3.8.1/junit-3.8.1.jar:/Users/dhudson/.m2/repository/log4j/log4j/1.2.13/log4j-1.2.13.jar:/Users/dhudson/.m2/repository/org/apache/maven/plugins/maven-antrun-plugin/1.6/maven-antrun-plugin-1.6.jar:/Users/dhudson/.m2/repository/org/apache/maven/maven-plugin-api/2.0.11/maven-plugin-api-2.0.11.jar:/Users/dhudson/.m2/repository/org/apache/maven/maven-project/2.0.11/maven-project-2.0.11.jar:/Users/dhudson/.m2/repository/org/apache/maven/maven-settings/2.0.11/maven-settings-2.0.11.jar:/Users/dhudson/.m2/repository/org/apache/maven/maven-profile/2.0.11/maven-profile-2.0.11.jar:/Users/dhudson/.m2/repository/org/apache/maven/maven-model/2.0.11/maven-model-2.0.11.jar:/Users/dhudson/.m2/repository/org/apache/maven/maven-artifact-manager/2.0.11/maven-artifact-manager-2.0.11.jar:/Users/dhudson/.m2/repository/org/apache/maven/maven-repository-metadata/2.0.11/maven-repository-metadata-2.0.11.jar:/Users/dhudson/.m2/repository/org/apache/maven/wagon/wagon-provider-api/1.0-beta-2/wagon-provider-api-1.0-beta-2.jar:/Users/dhudson/.m2/repository/org/apache/maven/maven-plugin-registry/2.0.11/maven-plugin-registry-2.0.11.jar:/Users/dhudson/.m2/repository/org/codehaus/plexus/plexus-interpolation/1.1/plexus-interpolation-1.1.jar:/Users/dhudson/.m2/repository/org/codehaus/plexus/plexus-container-default/1.0-alpha-9-stable-1/plexus-container-default-1.0-alpha-9-stable-1.jar:/Users/dhudson/.m2/repository/classworlds/classworlds/1.1-alpha-2/classworlds-1.1-alpha-2.jar:/Users/dhudson/.m2/repository/org/apache/maven/maven-artifact/2.0.11/maven-artifact-2.0.11.jar:/Users/dhudson/.m2/repository/org/codehaus/plexus/plexus-utils/2.0.5/plexus-utils-2.0.5.jar:/Users/dhudson/.m2/repository/org/apache/ant/ant-nodeps/1.8.1/ant-nodeps-1.8.1.jar:/Users/dhudson/.m2/repository/org/apache/ant/ant/1.8.1/ant-1.8.1.jar:/Users/dhudson/.m2/repository/org/apache/ant/ant-launcher/1.8.1/ant-launcher-1.8.1.jar:/Users/dhudson/.m2/repository/net/sourceforge/jarbundler/jarbundler/2.2.0/jarbundler-2.2.0.jar:"/>
    <property name="java.specification.name" value="Java Platform API Specification"/>
    <property name="java.class.version" value="50.0"/>
    <property name="sun.management.compiler" value="HotSpot 64-Bit Server Compiler"/>
    <property name="os.version" value="10.6.7"/>
    <property name="http.nonProxyHosts" value="local|*.local|169.254/16|*.169.254/16"/>
    <property name="user.home" value="/Users/dhudson"/>
    <property name="user.timezone" value=""/>
    <property name="java.awt.printerjob" value="apple.awt.CPrinterJob"/>
    <property name="java.specification.version" value="1.6"/>
    <property name="file.encoding" value="MacRoman"/>
    <property name="user.name" value="dhudson"/>
    <property name="java.class.path" value="/Users/dhudson/Documents/Arcane/maven/helloworld/target/test-classes:/Users/dhudson/Documents/Arcane/maven/helloworld/target/classes:/Users/dhudson/.m2/repository/junit/junit/3.8.1/junit-3.8.1.jar:/Users/dhudson/.m2/repository/log4j/log4j/1.2.13/log4j-1.2.13.jar:/Users/dhudson/.m2/repository/org/apache/maven/plugins/maven-antrun-plugin/1.6/maven-antrun-plugin-1.6.jar:/Users/dhudson/.m2/repository/org/apache/maven/maven-plugin-api/2.0.11/maven-plugin-api-2.0.11.jar:/Users/dhudson/.m2/repository/org/apache/maven/maven-project/2.0.11/maven-project-2.0.11.jar:/Users/dhudson/.m2/repository/org/apache/maven/maven-settings/2.0.11/maven-settings-2.0.11.jar:/Users/dhudson/.m2/repository/org/apache/maven/maven-profile/2.0.11/maven-profile-2.0.11.jar:/Users/dhudson/.m2/repository/org/apache/maven/maven-model/2.0.11/maven-model-2.0.11.jar:/Users/dhudson/.m2/repository/org/apache/maven/maven-artifact-manager/2.0.11/maven-artifact-manager-2.0.11.jar:/Users/dhudson/.m2/repository/org/apache/maven/maven-repository-metadata/2.0.11/maven-repository-metadata-2.0.11.jar:/Users/dhudson/.m2/repository/org/apache/maven/wagon/wagon-provider-api/1.0-beta-2/wagon-provider-api-1.0-beta-2.jar:/Users/dhudson/.m2/repository/org/apache/maven/maven-plugin-registry/2.0.11/maven-plugin-registry-2.0.11.jar:/Users/dhudson/.m2/repository/org/codehaus/plexus/plexus-interpolation/1.1/plexus-interpolation-1.1.jar:/Users/dhudson/.m2/repository/org/codehaus/plexus/plexus-container-default/1.0-alpha-9-stable-1/plexus-container-default-1.0-alpha-9-stable-1.jar:/Users/dhudson/.m2/repository/classworlds/classworlds/1.1-alpha-2/classworlds-1.1-alpha-2.jar:/Users/dhudson/.m2/repository/org/apache/maven/maven-artifact/2.0.11/maven-artifact-2.0.11.jar:/Users/dhudson/.m2/repository/org/codehaus/plexus/plexus-utils/2.0.5/plexus-utils-2.0.5.jar:/Users/dhudson/.m2/repository/org/apache/ant/ant-nodeps/1.8.1/ant-nodeps-1.8.1.jar:/Users/dhudson/.m2/repository/org/apache/ant/ant/1.8.1/ant-1.8.1.jar:/Users/dhudson/.m2/repository/org/apache/ant/ant-launcher/1.8.1/ant-launcher-1.8.1.jar:/Users/dhudson/.m2/repository/net/sourceforge/jarbundler/jarbundler/2.2.0/jarbundler-2.2.0.jar:"/>
    <property name="java.vm.specification.version" value="1.0"/>
    <property name="sun.arch.data.model" value="64"/>
    <property name="java.home" value="/System/Library/Java/JavaVirtualMachines/1.6.0.jdk/Contents/Home"/>
    <property name="java.specification.vendor" value="Sun Microsystems Inc."/>
    <property name="user.language" value="en"/>
    <property name="awt.toolkit" value="apple.awt.CToolkit"/>
    <property name="java.vm.info" value="mixed mode"/>
    <property name="java.version" value="1.6.0_24"/>
    <property name="java.ext.dirs" value="/Library/Java/Extensions:/System/Library/Java/Extensions:/System/Library/Java/JavaVirtualMachines/1.6.0.jdk/Contents/Home/lib/ext"/>
    <property name="sun.boot.class.path" value="/System/Library/Java/JavaVirtualMachines/1.6.0.jdk/Contents/Classes/jsfd.jar:/System/Library/Java/JavaVirtualMachines/1.6.0.jdk/Contents/Classes/classes.jar:/System/Library/Frameworks/JavaVM.framework/Frameworks/JavaRuntimeSupport.framework/Resources/Java/JavaRuntimeSupport.jar:/System/Library/Java/JavaVirtualMachines/1.6.0.jdk/Contents/Classes/ui.jar:/System/Library/Java/JavaVirtualMachines/1.6.0.jdk/Contents/Classes/laf.jar:/System/Library/Java/JavaVirtualMachines/1.6.0.jdk/Contents/Classes/sunrsasign.jar:/System/Library/Java/JavaVirtualMachines/1.6.0.jdk/Contents/Classes/jsse.jar:/System/Library/Java/JavaVirtualMachines/1.6.0.jdk/Contents/Classes/jce.jar:/System/Library/Java/JavaVirtualMachines/1.6.0.jdk/Contents/Classes/charsets.jar"/>
    <property name="java.vendor" value="Apple Inc."/>
    <property name="localRepository" value="/Users/dhudson/.m2/repository"/>
    <property name="file.separator" value="/"/>
    <property name="java.vendor.url.bug" value="http://bugreport.apple.com/"/>
    <property name="sun.cpu.endian" value="little"/>
    <property name="sun.io.unicode.encoding" value="UnicodeLittle"/>
    <property name="mrj.version" value="1060.1.6.0_24-334"/>
    <property name="socksNonProxyHosts" value="local|*.local|169.254/16|*.169.254/16"/>
    <property name="ftp.nonProxyHosts" value="local|*.local|169.254/16|*.169.254/16"/>
    <property name="sun.cpu.isalist" value=""/>
  </properties>
  <testcase time="0.001" classname="com.googlecode.arcane.AppTest" name="testApp"/>
</testsuite>